!SESSION 2017-10-30 18:21:36.238 -----------------------------------------------
eclipse.buildId=4.7.0.I20170612-0950
java.version=1.8.0_141
java.vendor=Oracle Corporation
BootLoader constants: OS=win32, ARCH=x86_64, WS=win32, NL=en_US
Framework arguments:  -product org.eclipse.epp.package.jee.product
Command-line arguments:  -os win32 -ws win32 -arch x86_64 -product org.eclipse.epp.package.jee.product

This is a continuation of log file D:\vidhan-POC\Mysore-practice\.metadata\.bak_0.log
Created Time: 2017-10-30 19:44:54.826

!ENTRY org.eclipse.ui 4 0 2017-10-30 19:44:54.827
!MESSAGE Unhandled event loop exception
!STACK 0
org.eclipse.e4.core.di.InjectionException: org.eclipse.swt.SWTException: i/o error (java.io.FileNotFoundException: C:\Program Files\Git\mingw64\share\git\git-for-windows.ico (The system cannot find the path specified))
	at org.eclipse.e4.core.internal.di.MethodRequestor.execute(MethodRequestor.java:65)
	at org.eclipse.e4.ui.internal.di.UIEventObjectSupplier$UIEventHandler$1.run(UIEventObjectSupplier.java:64)
	at org.eclipse.swt.widgets.Synchronizer.syncExec(Synchronizer.java:233)
	at org.eclipse.ui.internal.UISynchronizer.syncExec(UISynchronizer.java:144)
	at org.eclipse.swt.widgets.Display.syncExec(Display.java:4889)
	at org.eclipse.e4.ui.internal.workbench.swt.E4Application$1.syncExec(E4Application.java:212)
	at org.eclipse.e4.ui.internal.di.UIEventObjectSupplier$UIEventHandler.handleEvent(UIEventObjectSupplier.java:61)
	at org.eclipse.equinox.internal.event.EventHandlerWrapper.handleEvent(EventHandlerWrapper.java:201)
	at org.eclipse.equinox.internal.event.EventHandlerTracker.dispatchEvent(EventHandlerTracker.java:197)
	at org.eclipse.equinox.internal.event.EventHandlerTracker.dispatchEvent(EventHandlerTracker.java:1)
	at org.eclipse.osgi.framework.eventmgr.EventManager.dispatchEvent(EventManager.java:230)
	at org.eclipse.osgi.framework.eventmgr.ListenerQueue.dispatchEventSynchronous(ListenerQueue.java:148)
	at org.eclipse.equinox.internal.event.EventAdminImpl.dispatchEvent(EventAdminImpl.java:135)
	at org.eclipse.equinox.internal.event.EventAdminImpl.sendEvent(EventAdminImpl.java:78)
	at org.eclipse.equinox.internal.event.EventComponent.sendEvent(EventComponent.java:39)
	at org.eclipse.e4.ui.services.internal.events.EventBroker.send(EventBroker.java:52)
	at org.eclipse.e4.ui.internal.workbench.UIEventPublisher.notifyChanged(UIEventPublisher.java:60)
	at org.eclipse.emf.common.notify.impl.BasicNotifierImpl.eNotify(BasicNotifierImpl.java:374)
	at org.eclipse.e4.ui.model.application.ui.impl.UIElementImpl.setVisible(UIElementImpl.java:345)
	at org.eclipse.e4.ui.workbench.renderers.swt.ContributionRecord.updateVisibility(ContributionRecord.java:110)
	at org.eclipse.e4.ui.workbench.renderers.swt.MenuManagerRendererFilter.updateElementVisibility(MenuManagerRendererFilter.java:191)
	at org.eclipse.e4.ui.workbench.renderers.swt.MenuManagerRendererFilter.updateElementVisibility(MenuManagerRendererFilter.java:202)
	at org.eclipse.e4.ui.workbench.renderers.swt.MenuManagerShowProcessor.showMenu(MenuManagerShowProcessor.java:255)
	at org.eclipse.e4.ui.workbench.renderers.swt.MenuManagerShowProcessor.menuAboutToHide(MenuManagerShowProcessor.java:112)
	at org.eclipse.jface.internal.MenuManagerEventHelper.showEventPostHelper(MenuManagerEventHelper.java:92)
	at org.eclipse.jface.action.MenuManager.handleAboutToShow(MenuManager.java:471)
	at org.eclipse.jface.action.MenuManager.access$1(MenuManager.java:465)
	at org.eclipse.jface.action.MenuManager$2.menuShown(MenuManager.java:497)
	at org.eclipse.swt.widgets.TypedListener.handleEvent(TypedListener.java:256)
	at org.eclipse.swt.widgets.EventTable.sendEvent(EventTable.java:86)
	at org.eclipse.swt.widgets.Display.sendEvent(Display.java:4428)
	at org.eclipse.swt.widgets.Widget.sendEvent(Widget.java:1079)
	at org.eclipse.swt.widgets.Widget.sendEvent(Widget.java:1103)
	at org.eclipse.swt.widgets.Widget.sendEvent(Widget.java:1084)
	at org.eclipse.swt.widgets.Control.WM_INITMENUPOPUP(Control.java:5204)
	at org.eclipse.swt.widgets.Control.windowProc(Control.java:4872)
	at org.eclipse.swt.widgets.Canvas.windowProc(Canvas.java:359)
	at org.eclipse.swt.widgets.Decorations.windowProc(Decorations.java:1657)
	at org.eclipse.swt.widgets.Shell.windowProc(Shell.java:2199)
	at org.eclipse.swt.widgets.Display.windowProc(Display.java:5178)
	at org.eclipse.swt.internal.win32.OS.TrackPopupMenu(Native Method)
	at org.eclipse.swt.widgets.Menu._setVisible(Menu.java:262)
	at org.eclipse.swt.widgets.Display.runPopups(Display.java:4279)
	at org.eclipse.swt.widgets.Display.readAndDispatch(Display.java:3811)
	at org.eclipse.e4.ui.internal.workbench.swt.PartRenderingEngine$5.run(PartRenderingEngine.java:1155)
	at org.eclipse.core.databinding.observable.Realm.runWithDefault(Realm.java:336)
	at org.eclipse.e4.ui.internal.workbench.swt.PartRenderingEngine.run(PartRenderingEngine.java:1044)
	at org.eclipse.e4.ui.internal.workbench.E4Workbench.createAndRunUI(E4Workbench.java:153)
	at org.eclipse.ui.internal.Workbench.lambda$3(Workbench.java:680)
	at org.eclipse.core.databinding.observable.Realm.runWithDefault(Realm.java:336)
	at org.eclipse.ui.internal.Workbench.createAndRunWorkbench(Workbench.java:594)
	at org.eclipse.ui.PlatformUI.createAndRunWorkbench(PlatformUI.java:148)
	at org.eclipse.ui.internal.ide.application.IDEApplication.start(IDEApplication.java:151)
	at org.eclipse.equinox.internal.app.EclipseAppHandle.run(EclipseAppHandle.java:196)
	at org.eclipse.core.runtime.internal.adaptor.EclipseAppLauncher.runApplication(EclipseAppLauncher.java:134)
	at org.eclipse.core.runtime.internal.adaptor.EclipseAppLauncher.start(EclipseAppLauncher.java:104)
	at org.eclipse.core.runtime.adaptor.EclipseStarter.run(EclipseStarter.java:388)
	at org.eclipse.core.runtime.adaptor.EclipseStarter.run(EclipseStarter.java:243)
	at sun.reflect.NativeMethodAccessorImpl.invoke0(Native Method)
	at sun.reflect.NativeMethodAccessorImpl.invoke(Unknown Source)
	at sun.reflect.DelegatingMethodAccessorImpl.invoke(Unknown Source)
	at java.lang.reflect.Method.invoke(Unknown Source)
	at org.eclipse.equinox.launcher.Main.invokeFramework(Main.java:653)
	at org.eclipse.equinox.launcher.Main.basicRun(Main.java:590)
	at org.eclipse.equinox.launcher.Main.run(Main.java:1499)
Caused by: org.eclipse.swt.SWTException: i/o error (java.io.FileNotFoundException: C:\Program Files\Git\mingw64\share\git\git-for-windows.ico (The system cannot find the path specified))
	at org.eclipse.swt.SWT.error(SWT.java:4533)
	at org.eclipse.swt.SWT.error(SWT.java:4448)
	at org.eclipse.swt.graphics.ImageLoader.load(ImageLoader.java:175)
	at org.eclipse.tm.terminal.view.ui.local.showin.ExternalExecutablesManager.loadImage(ExternalExecutablesManager.java:264)
	at org.eclipse.tm.terminal.view.ui.local.showin.DynamicContributionItems.getContributionItems(DynamicContributionItems.java:77)
	at org.eclipse.ui.actions.CompoundContributionItem.getContributionItemsToFill(CompoundContributionItem.java:80)
	at org.eclipse.ui.actions.CompoundContributionItem.fill(CompoundContributionItem.java:54)
	at org.eclipse.ui.internal.menus.DynamicMenuContributionItem.fill(DynamicMenuContributionItem.java:147)
	at org.eclipse.jface.action.MenuManager.doItemFill(MenuManager.java:728)
	at org.eclipse.jface.action.MenuManager.update(MenuManager.java:810)
	at org.eclipse.jface.action.MenuManager.update(MenuManager.java:669)
	at org.eclipse.e4.ui.workbench.renderers.swt.MenuManagerRenderer.scheduleManagerUpdate(MenuManagerRenderer.java:1202)
	at org.eclipse.e4.ui.workbench.renderers.swt.MenuManagerRenderer.subscribeUIElementTopicAllRenderedVisibility(MenuManagerRenderer.java:199)
	at sun.reflect.GeneratedMethodAccessor18.invoke(Unknown Source)
	at sun.reflect.DelegatingMethodAccessorImpl.invoke(Unknown Source)
	at java.lang.reflect.Method.invoke(Unknown Source)
	at org.eclipse.e4.core.internal.di.MethodRequestor.execute(MethodRequestor.java:55)
	... 64 more
Caused by: java.io.FileNotFoundException: C:\Program Files\Git\mingw64\share\git\git-for-windows.ico (The system cannot find the path specified)
	at java.io.FileInputStream.open0(Native Method)
	at java.io.FileInputStream.open(Unknown Source)
	at java.io.FileInputStream.<init>(Unknown Source)
	at java.io.FileInputStream.<init>(Unknown Source)
	at org.eclipse.swt.graphics.ImageLoader.load(ImageLoader.java:172)
	... 78 more

!ENTRY org.eclipse.ui 4 0 2017-10-30 19:45:46.868
!MESSAGE Unhandled event loop exception
!STACK 0
org.eclipse.e4.core.di.InjectionException: org.eclipse.swt.SWTException: i/o error (java.io.FileNotFoundException: C:\Program Files\Git\mingw64\share\git\git-for-windows.ico (The system cannot find the path specified))
	at org.eclipse.e4.core.internal.di.MethodRequestor.execute(MethodRequestor.java:65)
	at org.eclipse.e4.ui.internal.di.UIEventObjectSupplier$UIEventHandler$1.run(UIEventObjectSupplier.java:64)
	at org.eclipse.swt.widgets.Synchronizer.syncExec(Synchronizer.java:233)
	at org.eclipse.ui.internal.UISynchronizer.syncExec(UISynchronizer.java:144)
	at org.eclipse.swt.widgets.Display.syncExec(Display.java:4889)
	at org.eclipse.e4.ui.internal.workbench.swt.E4Application$1.syncExec(E4Application.java:212)
	at org.eclipse.e4.ui.internal.di.UIEventObjectSupplier$UIEventHandler.handleEvent(UIEventObjectSupplier.java:61)
	at org.eclipse.equinox.internal.event.EventHandlerWrapper.handleEvent(EventHandlerWrapper.java:201)
	at org.eclipse.equinox.internal.event.EventHandlerTracker.dispatchEvent(EventHandlerTracker.java:197)
	at org.eclipse.equinox.internal.event.EventHandlerTracker.dispatchEvent(EventHandlerTracker.java:1)
	at org.eclipse.osgi.framework.eventmgr.EventManager.dispatchEvent(EventManager.java:230)
	at org.eclipse.osgi.framework.eventmgr.ListenerQueue.dispatchEventSynchronous(ListenerQueue.java:148)
	at org.eclipse.equinox.internal.event.EventAdminImpl.dispatchEvent(EventAdminImpl.java:135)
	at org.eclipse.equinox.internal.event.EventAdminImpl.sendEvent(EventAdminImpl.java:78)
	at org.eclipse.equinox.internal.event.EventComponent.sendEvent(EventComponent.java:39)
	at org.eclipse.e4.ui.services.internal.events.EventBroker.send(EventBroker.java:52)
	at org.eclipse.e4.ui.internal.workbench.UIEventPublisher.notifyChanged(UIEventPublisher.java:60)
	at org.eclipse.emf.common.notify.impl.BasicNotifierImpl.eNotify(BasicNotifierImpl.java:374)
	at org.eclipse.e4.ui.model.application.ui.impl.UIElementImpl.setVisible(UIElementImpl.java:345)
	at org.eclipse.e4.ui.workbench.renderers.swt.ContributionRecord.updateVisibility(ContributionRecord.java:110)
	at org.eclipse.e4.ui.workbench.renderers.swt.MenuManagerRendererFilter.updateElementVisibility(MenuManagerRendererFilter.java:191)
	at org.eclipse.e4.ui.workbench.renderers.swt.MenuManagerRendererFilter.updateElementVisibility(MenuManagerRendererFilter.java:202)
	at org.eclipse.e4.ui.workbench.renderers.swt.MenuManagerShowProcessor.showMenu(MenuManagerShowProcessor.java:255)
	at org.eclipse.e4.ui.workbench.renderers.swt.MenuManagerShowProcessor.menuAboutToHide(MenuManagerShowProcessor.java:112)
	at org.eclipse.jface.internal.MenuManagerEventHelper.showEventPostHelper(MenuManagerEventHelper.java:92)
	at org.eclipse.jface.action.MenuManager.handleAboutToShow(MenuManager.java:471)
	at org.eclipse.jface.action.MenuManager.access$1(MenuManager.java:465)
	at org.eclipse.jface.action.MenuManager$2.menuShown(MenuManager.java:497)
	at org.eclipse.swt.widgets.TypedListener.handleEvent(TypedListener.java:256)
	at org.eclipse.swt.widgets.EventTable.sendEvent(EventTable.java:86)
	at org.eclipse.swt.widgets.Display.sendEvent(Display.java:4428)
	at org.eclipse.swt.widgets.Widget.sendEvent(Widget.java:1079)
	at org.eclipse.swt.widgets.Widget.sendEvent(Widget.java:1103)
	at org.eclipse.swt.widgets.Widget.sendEvent(Widget.java:1084)
	at org.eclipse.swt.widgets.Control.WM_INITMENUPOPUP(Control.java:5204)
	at org.eclipse.swt.widgets.Control.windowProc(Control.java:4872)
	at org.eclipse.swt.widgets.Canvas.windowProc(Canvas.java:359)
	at org.eclipse.swt.widgets.Decorations.windowProc(Decorations.java:1657)
	at org.eclipse.swt.widgets.Shell.windowProc(Shell.java:2199)
	at org.eclipse.swt.widgets.Display.windowProc(Display.java:5178)
	at org.eclipse.swt.internal.win32.OS.TrackPopupMenu(Native Method)
	at org.eclipse.swt.widgets.Menu._setVisible(Menu.java:262)
	at org.eclipse.swt.widgets.Display.runPopups(Display.java:4279)
	at org.eclipse.swt.widgets.Display.readAndDispatch(Display.java:3811)
	at org.eclipse.e4.ui.internal.workbench.swt.PartRenderingEngine$5.run(PartRenderingEngine.java:1155)
	at org.eclipse.core.databinding.observable.Realm.runWithDefault(Realm.java:336)
	at org.eclipse.e4.ui.internal.workbench.swt.PartRenderingEngine.run(PartRenderingEngine.java:1044)
	at org.eclipse.e4.ui.internal.workbench.E4Workbench.createAndRunUI(E4Workbench.java:153)
	at org.eclipse.ui.internal.Workbench.lambda$3(Workbench.java:680)
	at org.eclipse.core.databinding.observable.Realm.runWithDefault(Realm.java:336)
	at org.eclipse.ui.internal.Workbench.createAndRunWorkbench(Workbench.java:594)
	at org.eclipse.ui.PlatformUI.createAndRunWorkbench(PlatformUI.java:148)
	at org.eclipse.ui.internal.ide.application.IDEApplication.start(IDEApplication.java:151)
	at org.eclipse.equinox.internal.app.EclipseAppHandle.run(EclipseAppHandle.java:196)
	at org.eclipse.core.runtime.internal.adaptor.EclipseAppLauncher.runApplication(EclipseAppLauncher.java:134)
	at org.eclipse.core.runtime.internal.adaptor.EclipseAppLauncher.start(EclipseAppLauncher.java:104)
	at org.eclipse.core.runtime.adaptor.EclipseStarter.run(EclipseStarter.java:388)
	at org.eclipse.core.runtime.adaptor.EclipseStarter.run(EclipseStarter.java:243)
	at sun.reflect.NativeMethodAccessorImpl.invoke0(Native Method)
	at sun.reflect.NativeMethodAccessorImpl.invoke(Unknown Source)
	at sun.reflect.DelegatingMethodAccessorImpl.invoke(Unknown Source)
	at java.lang.reflect.Method.invoke(Unknown Source)
	at org.eclipse.equinox.launcher.Main.invokeFramework(Main.java:653)
	at org.eclipse.equinox.launcher.Main.basicRun(Main.java:590)
	at org.eclipse.equinox.launcher.Main.run(Main.java:1499)
Caused by: org.eclipse.swt.SWTException: i/o error (java.io.FileNotFoundException: C:\Program Files\Git\mingw64\share\git\git-for-windows.ico (The system cannot find the path specified))
	at org.eclipse.swt.SWT.error(SWT.java:4533)
	at org.eclipse.swt.SWT.error(SWT.java:4448)
	at org.eclipse.swt.graphics.ImageLoader.load(ImageLoader.java:175)
	at org.eclipse.tm.terminal.view.ui.local.showin.ExternalExecutablesManager.loadImage(ExternalExecutablesManager.java:264)
	at org.eclipse.tm.terminal.view.ui.local.showin.DynamicContributionItems.getContributionItems(DynamicContributionItems.java:77)
	at org.eclipse.ui.actions.CompoundContributionItem.getContributionItemsToFill(CompoundContributionItem.java:80)
	at org.eclipse.ui.actions.CompoundContributionItem.fill(CompoundContributionItem.java:54)
	at org.eclipse.ui.internal.menus.DynamicMenuContributionItem.fill(DynamicMenuContributionItem.java:147)
	at org.eclipse.jface.action.MenuManager.doItemFill(MenuManager.java:728)
	at org.eclipse.jface.action.MenuManager.update(MenuManager.java:810)
	at org.eclipse.jface.action.MenuManager.update(MenuManager.java:669)
	at org.eclipse.e4.ui.workbench.renderers.swt.MenuManagerRenderer.scheduleManagerUpdate(MenuManagerRenderer.java:1202)
	at org.eclipse.e4.ui.workbench.renderers.swt.MenuManagerRenderer.subscribeUIElementTopicAllRenderedVisibility(MenuManagerRenderer.java:199)
	at sun.reflect.GeneratedMethodAccessor18.invoke(Unknown Source)
	at sun.reflect.DelegatingMethodAccessorImpl.invoke(Unknown Source)
	at java.lang.reflect.Method.invoke(Unknown Source)
	at org.eclipse.e4.core.internal.di.MethodRequestor.execute(MethodRequestor.java:55)
	... 64 more
Caused by: java.io.FileNotFoundException: C:\Program Files\Git\mingw64\share\git\git-for-windows.ico (The system cannot find the path specified)
	at java.io.FileInputStream.open0(Native Method)
	at java.io.FileInputStream.open(Unknown Source)
	at java.io.FileInputStream.<init>(Unknown Source)
	at java.io.FileInputStream.<init>(Unknown Source)
	at org.eclipse.swt.graphics.ImageLoader.load(ImageLoader.java:172)
	... 78 more

!ENTRY org.eclipse.ui 4 0 2017-10-30 19:45:59.194
!MESSAGE Unhandled event loop exception
!STACK 0
org.eclipse.e4.core.di.InjectionException: org.eclipse.swt.SWTException: i/o error (java.io.FileNotFoundException: C:\Program Files\Git\mingw64\share\git\git-for-windows.ico (The system cannot find the path specified))
	at org.eclipse.e4.core.internal.di.MethodRequestor.execute(MethodRequestor.java:65)
	at org.eclipse.e4.ui.internal.di.UIEventObjectSupplier$UIEventHandler$1.run(UIEventObjectSupplier.java:64)
	at org.eclipse.swt.widgets.Synchronizer.syncExec(Synchronizer.java:233)
	at org.eclipse.ui.internal.UISynchronizer.syncExec(UISynchronizer.java:144)
	at org.eclipse.swt.widgets.Display.syncExec(Display.java:4889)
	at org.eclipse.e4.ui.internal.workbench.swt.E4Application$1.syncExec(E4Application.java:212)
	at org.eclipse.e4.ui.internal.di.UIEventObjectSupplier$UIEventHandler.handleEvent(UIEventObjectSupplier.java:61)
	at org.eclipse.equinox.internal.event.EventHandlerWrapper.handleEvent(EventHandlerWrapper.java:201)
	at org.eclipse.equinox.internal.event.EventHandlerTracker.dispatchEvent(EventHandlerTracker.java:197)
	at org.eclipse.equinox.internal.event.EventHandlerTracker.dispatchEvent(EventHandlerTracker.java:1)
	at org.eclipse.osgi.framework.eventmgr.EventManager.dispatchEvent(EventManager.java:230)
	at org.eclipse.osgi.framework.eventmgr.ListenerQueue.dispatchEventSynchronous(ListenerQueue.java:148)
	at org.eclipse.equinox.internal.event.EventAdminImpl.dispatchEvent(EventAdminImpl.java:135)
	at org.eclipse.equinox.internal.event.EventAdminImpl.sendEvent(EventAdminImpl.java:78)
	at org.eclipse.equinox.internal.event.EventComponent.sendEvent(EventComponent.java:39)
	at org.eclipse.e4.ui.services.internal.events.EventBroker.send(EventBroker.java:52)
	at org.eclipse.e4.ui.internal.workbench.UIEventPublisher.notifyChanged(UIEventPublisher.java:60)
	at org.eclipse.emf.common.notify.impl.BasicNotifierImpl.eNotify(BasicNotifierImpl.java:374)
	at org.eclipse.e4.ui.model.application.ui.impl.UIElementImpl.setVisible(UIElementImpl.java:345)
	at org.eclipse.e4.ui.workbench.renderers.swt.ContributionRecord.updateVisibility(ContributionRecord.java:110)
	at org.eclipse.e4.ui.workbench.renderers.swt.MenuManagerRendererFilter.updateElementVisibility(MenuManagerRendererFilter.java:191)
	at org.eclipse.e4.ui.workbench.renderers.swt.MenuManagerRendererFilter.updateElementVisibility(MenuManagerRendererFilter.java:202)
	at org.eclipse.e4.ui.workbench.renderers.swt.MenuManagerShowProcessor.showMenu(MenuManagerShowProcessor.java:255)
	at org.eclipse.e4.ui.workbench.renderers.swt.MenuManagerShowProcessor.menuAboutToHide(MenuManagerShowProcessor.java:112)
	at org.eclipse.jface.internal.MenuManagerEventHelper.showEventPostHelper(MenuManagerEventHelper.java:92)
	at org.eclipse.jface.action.MenuManager.handleAboutToShow(MenuManager.java:471)
	at org.eclipse.jface.action.MenuManager.access$1(MenuManager.java:465)
	at org.eclipse.jface.action.MenuManager$2.menuShown(MenuManager.java:497)
	at org.eclipse.swt.widgets.TypedListener.handleEvent(TypedListener.java:256)
	at org.eclipse.swt.widgets.EventTable.sendEvent(EventTable.java:86)
	at org.eclipse.swt.widgets.Display.sendEvent(Display.java:4428)
	at org.eclipse.swt.widgets.Widget.sendEvent(Widget.java:1079)
	at org.eclipse.swt.widgets.Widget.sendEvent(Widget.java:1103)
	at org.eclipse.swt.widgets.Widget.sendEvent(Widget.java:1084)
	at org.eclipse.swt.widgets.Control.WM_INITMENUPOPUP(Control.java:5204)
	at org.eclipse.swt.widgets.Control.windowProc(Control.java:4872)
	at org.eclipse.swt.widgets.Canvas.windowProc(Canvas.java:359)
	at org.eclipse.swt.widgets.Decorations.windowProc(Decorations.java:1657)
	at org.eclipse.swt.widgets.Shell.windowProc(Shell.java:2199)
	at org.eclipse.swt.widgets.Display.windowProc(Display.java:5178)
	at org.eclipse.swt.internal.win32.OS.TrackPopupMenu(Native Method)
	at org.eclipse.swt.widgets.Menu._setVisible(Menu.java:262)
	at org.eclipse.swt.widgets.Display.runPopups(Display.java:4279)
	at org.eclipse.swt.widgets.Display.readAndDispatch(Display.java:3811)
	at org.eclipse.e4.ui.internal.workbench.swt.PartRenderingEngine$5.run(PartRenderingEngine.java:1155)
	at org.eclipse.core.databinding.observable.Realm.runWithDefault(Realm.java:336)
	at org.eclipse.e4.ui.internal.workbench.swt.PartRenderingEngine.run(PartRenderingEngine.java:1044)
	at org.eclipse.e4.ui.internal.workbench.E4Workbench.createAndRunUI(E4Workbench.java:153)
	at org.eclipse.ui.internal.Workbench.lambda$3(Workbench.java:680)
	at org.eclipse.core.databinding.observable.Realm.runWithDefault(Realm.java:336)
	at org.eclipse.ui.internal.Workbench.createAndRunWorkbench(Workbench.java:594)
	at org.eclipse.ui.PlatformUI.createAndRunWorkbench(PlatformUI.java:148)
	at org.eclipse.ui.internal.ide.application.IDEApplication.start(IDEApplication.java:151)
	at org.eclipse.equinox.internal.app.EclipseAppHandle.run(EclipseAppHandle.java:196)
	at org.eclipse.core.runtime.internal.adaptor.EclipseAppLauncher.runApplication(EclipseAppLauncher.java:134)
	at org.eclipse.core.runtime.internal.adaptor.EclipseAppLauncher.start(EclipseAppLauncher.java:104)
	at org.eclipse.core.runtime.adaptor.EclipseStarter.run(EclipseStarter.java:388)
	at org.eclipse.core.runtime.adaptor.EclipseStarter.run(EclipseStarter.java:243)
	at sun.reflect.NativeMethodAccessorImpl.invoke0(Native Method)
	at sun.reflect.NativeMethodAccessorImpl.invoke(Unknown Source)
	at sun.reflect.DelegatingMethodAccessorImpl.invoke(Unknown Source)
	at java.lang.reflect.Method.invoke(Unknown Source)
	at org.eclipse.equinox.launcher.Main.invokeFramework(Main.java:653)
	at org.eclipse.equinox.launcher.Main.basicRun(Main.java:590)
	at org.eclipse.equinox.launcher.Main.run(Main.java:1499)
Caused by: org.eclipse.swt.SWTException: i/o error (java.io.FileNotFoundException: C:\Program Files\Git\mingw64\share\git\git-for-windows.ico (The system cannot find the path specified))
	at org.eclipse.swt.SWT.error(SWT.java:4533)
	at org.eclipse.swt.SWT.error(SWT.java:4448)
	at org.eclipse.swt.graphics.ImageLoader.load(ImageLoader.java:175)
	at org.eclipse.tm.terminal.view.ui.local.showin.ExternalExecutablesManager.loadImage(ExternalExecutablesManager.java:264)
	at org.eclipse.tm.terminal.view.ui.local.showin.DynamicContributionItems.getContributionItems(DynamicContributionItems.java:77)
	at org.eclipse.ui.actions.CompoundContributionItem.getContributionItemsToFill(CompoundContributionItem.java:80)
	at org.eclipse.ui.actions.CompoundContributionItem.fill(CompoundContributionItem.java:54)
	at org.eclipse.ui.internal.menus.DynamicMenuContributionItem.fill(DynamicMenuContributionItem.java:147)
	at org.eclipse.jface.action.MenuManager.doItemFill(MenuManager.java:728)
	at org.eclipse.jface.action.MenuManager.update(MenuManager.java:810)
	at org.eclipse.jface.action.MenuManager.update(MenuManager.java:669)
	at org.eclipse.e4.ui.workbench.renderers.swt.MenuManagerRenderer.scheduleManagerUpdate(MenuManagerRenderer.java:1202)
	at org.eclipse.e4.ui.workbench.renderers.swt.MenuManagerRenderer.subscribeUIElementTopicAllRenderedVisibility(MenuManagerRenderer.java:199)
	at sun.reflect.GeneratedMethodAccessor18.invoke(Unknown Source)
	at sun.reflect.DelegatingMethodAccessorImpl.invoke(Unknown Source)
	at java.lang.reflect.Method.invoke(Unknown Source)
	at org.eclipse.e4.core.internal.di.MethodRequestor.execute(MethodRequestor.java:55)
	... 64 more
Caused by: java.io.FileNotFoundException: C:\Program Files\Git\mingw64\share\git\git-for-windows.ico (The system cannot find the path specified)
	at java.io.FileInputStream.open0(Native Method)
	at java.io.FileInputStream.open(Unknown Source)
	at java.io.FileInputStream.<init>(Unknown Source)
	at java.io.FileInputStream.<init>(Unknown Source)
	at org.eclipse.swt.graphics.ImageLoader.load(ImageLoader.java:172)
	... 78 more

!ENTRY org.eclipse.ui 4 0 2017-10-30 19:47:10.288
!MESSAGE Unhandled event loop exception
!STACK 0
org.eclipse.e4.core.di.InjectionException: org.eclipse.swt.SWTException: i/o error (java.io.FileNotFoundException: C:\Program Files\Git\mingw64\share\git\git-for-windows.ico (The system cannot find the path specified))
	at org.eclipse.e4.core.internal.di.MethodRequestor.execute(MethodRequestor.java:65)
	at org.eclipse.e4.ui.internal.di.UIEventObjectSupplier$UIEventHandler$1.run(UIEventObjectSupplier.java:64)
	at org.eclipse.swt.widgets.Synchronizer.syncExec(Synchronizer.java:233)
	at org.eclipse.ui.internal.UISynchronizer.syncExec(UISynchronizer.java:144)
	at org.eclipse.swt.widgets.Display.syncExec(Display.java:4889)
	at org.eclipse.e4.ui.internal.workbench.swt.E4Application$1.syncExec(E4Application.java:212)
	at org.eclipse.e4.ui.internal.di.UIEventObjectSupplier$UIEventHandler.handleEvent(UIEventObjectSupplier.java:61)
	at org.eclipse.equinox.internal.event.EventHandlerWrapper.handleEvent(EventHandlerWrapper.java:201)
	at org.eclipse.equinox.internal.event.EventHandlerTracker.dispatchEvent(EventHandlerTracker.java:197)
	at org.eclipse.equinox.internal.event.EventHandlerTracker.dispatchEvent(EventHandlerTracker.java:1)
	at org.eclipse.osgi.framework.eventmgr.EventManager.dispatchEvent(EventManager.java:230)
	at org.eclipse.osgi.framework.eventmgr.ListenerQueue.dispatchEventSynchronous(ListenerQueue.java:148)
	at org.eclipse.equinox.internal.event.EventAdminImpl.dispatchEvent(EventAdminImpl.java:135)
	at org.eclipse.equinox.internal.event.EventAdminImpl.sendEvent(EventAdminImpl.java:78)
	at org.eclipse.equinox.internal.event.EventComponent.sendEvent(EventComponent.java:39)
	at org.eclipse.e4.ui.services.internal.events.EventBroker.send(EventBroker.java:52)
	at org.eclipse.e4.ui.internal.workbench.UIEventPublisher.notifyChanged(UIEventPublisher.java:60)
	at org.eclipse.emf.common.notify.impl.BasicNotifierImpl.eNotify(BasicNotifierImpl.java:374)
	at org.eclipse.e4.ui.model.application.ui.impl.UIElementImpl.setVisible(UIElementImpl.java:345)
	at org.eclipse.e4.ui.workbench.renderers.swt.ContributionRecord.updateVisibility(ContributionRecord.java:110)
	at org.eclipse.e4.ui.workbench.renderers.swt.MenuManagerRendererFilter.updateElementVisibility(MenuManagerRendererFilter.java:191)
	at org.eclipse.e4.ui.workbench.renderers.swt.MenuManagerRendererFilter.updateElementVisibility(MenuManagerRendererFilter.java:202)
	at org.eclipse.e4.ui.workbench.renderers.swt.MenuManagerShowProcessor.showMenu(MenuManagerShowProcessor.java:255)
	at org.eclipse.e4.ui.workbench.renderers.swt.MenuManagerShowProcessor.menuAboutToHide(MenuManagerShowProcessor.java:112)
	at org.eclipse.jface.internal.MenuManagerEventHelper.showEventPostHelper(MenuManagerEventHelper.java:92)
	at org.eclipse.jface.action.MenuManager.handleAboutToShow(MenuManager.java:471)
	at org.eclipse.jface.action.MenuManager.access$1(MenuManager.java:465)
	at org.eclipse.jface.action.MenuManager$2.menuShown(MenuManager.java:497)
	at org.eclipse.swt.widgets.TypedListener.handleEvent(TypedListener.java:256)
	at org.eclipse.swt.widgets.EventTable.sendEvent(EventTable.java:86)
	at org.eclipse.swt.widgets.Display.sendEvent(Display.java:4428)
	at org.eclipse.swt.widgets.Widget.sendEvent(Widget.java:1079)
	at org.eclipse.swt.widgets.Widget.sendEvent(Widget.java:1103)
	at org.eclipse.swt.widgets.Widget.sendEvent(Widget.java:1084)
	at org.eclipse.swt.widgets.Control.WM_INITMENUPOPUP(Control.java:5204)
	at org.eclipse.swt.widgets.Control.windowProc(Control.java:4872)
	at org.eclipse.swt.widgets.Canvas.windowProc(Canvas.java:359)
	at org.eclipse.swt.widgets.Decorations.windowProc(Decorations.java:1657)
	at org.eclipse.swt.widgets.Shell.windowProc(Shell.java:2199)
	at org.eclipse.swt.widgets.Display.windowProc(Display.java:5178)
	at org.eclipse.swt.internal.win32.OS.TrackPopupMenu(Native Method)
	at org.eclipse.swt.widgets.Menu._setVisible(Menu.java:262)
	at org.eclipse.swt.widgets.Display.runPopups(Display.java:4279)
	at org.eclipse.swt.widgets.Display.readAndDispatch(Display.java:3811)
	at org.eclipse.e4.ui.internal.workbench.swt.PartRenderingEngine$5.run(PartRenderingEngine.java:1155)
	at org.eclipse.core.databinding.observable.Realm.runWithDefault(Realm.java:336)
	at org.eclipse.e4.ui.internal.workbench.swt.PartRenderingEngine.run(PartRenderingEngine.java:1044)
	at org.eclipse.e4.ui.internal.workbench.E4Workbench.createAndRunUI(E4Workbench.java:153)
	at org.eclipse.ui.internal.Workbench.lambda$3(Workbench.java:680)
	at org.eclipse.core.databinding.observable.Realm.runWithDefault(Realm.java:336)
	at org.eclipse.ui.internal.Workbench.createAndRunWorkbench(Workbench.java:594)
	at org.eclipse.ui.PlatformUI.createAndRunWorkbench(PlatformUI.java:148)
	at org.eclipse.ui.internal.ide.application.IDEApplication.start(IDEApplication.java:151)
	at org.eclipse.equinox.internal.app.EclipseAppHandle.run(EclipseAppHandle.java:196)
	at org.eclipse.core.runtime.internal.adaptor.EclipseAppLauncher.runApplication(EclipseAppLauncher.java:134)
	at org.eclipse.core.runtime.internal.adaptor.EclipseAppLauncher.start(EclipseAppLauncher.java:104)
	at org.eclipse.core.runtime.adaptor.EclipseStarter.run(EclipseStarter.java:388)
	at org.eclipse.core.runtime.adaptor.EclipseStarter.run(EclipseStarter.java:243)
	at sun.reflect.NativeMethodAccessorImpl.invoke0(Native Method)
	at sun.reflect.NativeMethodAccessorImpl.invoke(Unknown Source)
	at sun.reflect.DelegatingMethodAccessorImpl.invoke(Unknown Source)
	at java.lang.reflect.Method.invoke(Unknown Source)
	at org.eclipse.equinox.launcher.Main.invokeFramework(Main.java:653)
	at org.eclipse.equinox.launcher.Main.basicRun(Main.java:590)
	at org.eclipse.equinox.launcher.Main.run(Main.java:1499)
Caused by: org.eclipse.swt.SWTException: i/o error (java.io.FileNotFoundException: C:\Program Files\Git\mingw64\share\git\git-for-windows.ico (The system cannot find the path specified))
	at org.eclipse.swt.SWT.error(SWT.java:4533)
	at org.eclipse.swt.SWT.error(SWT.java:4448)
	at org.eclipse.swt.graphics.ImageLoader.load(ImageLoader.java:175)
	at org.eclipse.tm.terminal.view.ui.local.showin.ExternalExecutablesManager.loadImage(ExternalExecutablesManager.java:264)
	at org.eclipse.tm.terminal.view.ui.local.showin.DynamicContributionItems.getContributionItems(DynamicContributionItems.java:77)
	at org.eclipse.ui.actions.CompoundContributionItem.getContributionItemsToFill(CompoundContributionItem.java:80)
	at org.eclipse.ui.actions.CompoundContributionItem.fill(CompoundContributionItem.java:54)
	at org.eclipse.ui.internal.menus.DynamicMenuContributionItem.fill(DynamicMenuContributionItem.java:147)
	at org.eclipse.jface.action.MenuManager.doItemFill(MenuManager.java:728)
	at org.eclipse.jface.action.MenuManager.update(MenuManager.java:810)
	at org.eclipse.jface.action.MenuManager.update(MenuManager.java:669)
	at org.eclipse.e4.ui.workbench.renderers.swt.MenuManagerRenderer.scheduleManagerUpdate(MenuManagerRenderer.java:1202)
	at org.eclipse.e4.ui.workbench.renderers.swt.MenuManagerRenderer.subscribeUIElementTopicAllRenderedVisibility(MenuManagerRenderer.java:199)
	at sun.reflect.GeneratedMethodAccessor18.invoke(Unknown Source)
	at sun.reflect.DelegatingMethodAccessorImpl.invoke(Unknown Source)
	at java.lang.reflect.Method.invoke(Unknown Source)
	at org.eclipse.e4.core.internal.di.MethodRequestor.execute(MethodRequestor.java:55)
	... 64 more
Caused by: java.io.FileNotFoundException: C:\Program Files\Git\mingw64\share\git\git-for-windows.ico (The system cannot find the path specified)
	at java.io.FileInputStream.open0(Native Method)
	at java.io.FileInputStream.open(Unknown Source)
	at java.io.FileInputStream.<init>(Unknown Source)
	at java.io.FileInputStream.<init>(Unknown Source)
	at org.eclipse.swt.graphics.ImageLoader.load(ImageLoader.java:172)
	... 78 more

!ENTRY org.eclipse.ui 4 0 2017-10-30 19:47:18.896
!MESSAGE Unhandled event loop exception
!STACK 0
org.eclipse.e4.core.di.InjectionException: org.eclipse.swt.SWTException: i/o error (java.io.FileNotFoundException: C:\Program Files\Git\mingw64\share\git\git-for-windows.ico (The system cannot find the path specified))
	at org.eclipse.e4.core.internal.di.MethodRequestor.execute(MethodRequestor.java:65)
	at org.eclipse.e4.ui.internal.di.UIEventObjectSupplier$UIEventHandler$1.run(UIEventObjectSupplier.java:64)
	at org.eclipse.swt.widgets.Synchronizer.syncExec(Synchronizer.java:233)
	at org.eclipse.ui.internal.UISynchronizer.syncExec(UISynchronizer.java:144)
	at org.eclipse.swt.widgets.Display.syncExec(Display.java:4889)
	at org.eclipse.e4.ui.internal.workbench.swt.E4Application$1.syncExec(E4Application.java:212)
	at org.eclipse.e4.ui.internal.di.UIEventObjectSupplier$UIEventHandler.handleEvent(UIEventObjectSupplier.java:61)
	at org.eclipse.equinox.internal.event.EventHandlerWrapper.handleEvent(EventHandlerWrapper.java:201)
	at org.eclipse.equinox.internal.event.EventHandlerTracker.dispatchEvent(EventHandlerTracker.java:197)
	at org.eclipse.equinox.internal.event.EventHandlerTracker.dispatchEvent(EventHandlerTracker.java:1)
	at org.eclipse.osgi.framework.eventmgr.EventManager.dispatchEvent(EventManager.java:230)
	at org.eclipse.osgi.framework.eventmgr.ListenerQueue.dispatchEventSynchronous(ListenerQueue.java:148)
	at org.eclipse.equinox.internal.event.EventAdminImpl.dispatchEvent(EventAdminImpl.java:135)
	at org.eclipse.equinox.internal.event.EventAdminImpl.sendEvent(EventAdminImpl.java:78)
	at org.eclipse.equinox.internal.event.EventComponent.sendEvent(EventComponent.java:39)
	at org.eclipse.e4.ui.services.internal.events.EventBroker.send(EventBroker.java:52)
	at org.eclipse.e4.ui.internal.workbench.UIEventPublisher.notifyChanged(UIEventPublisher.java:60)
	at org.eclipse.emf.common.notify.impl.BasicNotifierImpl.eNotify(BasicNotifierImpl.java:374)
	at org.eclipse.e4.ui.model.application.ui.impl.UIElementImpl.setVisible(UIElementImpl.java:345)
	at org.eclipse.e4.ui.workbench.renderers.swt.ContributionRecord.updateVisibility(ContributionRecord.java:110)
	at org.eclipse.e4.ui.workbench.renderers.swt.MenuManagerRendererFilter.updateElementVisibility(MenuManagerRendererFilter.java:191)
	at org.eclipse.e4.ui.workbench.renderers.swt.MenuManagerRendererFilter.updateElementVisibility(MenuManagerRendererFilter.java:202)
	at org.eclipse.e4.ui.workbench.renderers.swt.MenuManagerShowProcessor.showMenu(MenuManagerShowProcessor.java:255)
	at org.eclipse.e4.ui.workbench.renderers.swt.MenuManagerShowProcessor.menuAboutToHide(MenuManagerShowProcessor.java:112)
	at org.eclipse.jface.internal.MenuManagerEventHelper.showEventPostHelper(MenuManagerEventHelper.java:92)
	at org.eclipse.jface.action.MenuManager.handleAboutToShow(MenuManager.java:471)
	at org.eclipse.jface.action.MenuManager.access$1(MenuManager.java:465)
	at org.eclipse.jface.action.MenuManager$2.menuShown(MenuManager.java:497)
	at org.eclipse.swt.widgets.TypedListener.handleEvent(TypedListener.java:256)
	at org.eclipse.swt.widgets.EventTable.sendEvent(EventTable.java:86)
	at org.eclipse.swt.widgets.Display.sendEvent(Display.java:4428)
	at org.eclipse.swt.widgets.Widget.sendEvent(Widget.java:1079)
	at org.eclipse.swt.widgets.Widget.sendEvent(Widget.java:1103)
	at org.eclipse.swt.widgets.Widget.sendEvent(Widget.java:1084)
	at org.eclipse.swt.widgets.Control.WM_INITMENUPOPUP(Control.java:5204)
	at org.eclipse.swt.widgets.Control.windowProc(Control.java:4872)
	at org.eclipse.swt.widgets.Canvas.windowProc(Canvas.java:359)
	at org.eclipse.swt.widgets.Decorations.windowProc(Decorations.java:1657)
	at org.eclipse.swt.widgets.Shell.windowProc(Shell.java:2199)
	at org.eclipse.swt.widgets.Display.windowProc(Display.java:5178)
	at org.eclipse.swt.internal.win32.OS.TrackPopupMenu(Native Method)
	at org.eclipse.swt.widgets.Menu._setVisible(Menu.java:262)
	at org.eclipse.swt.widgets.Display.runPopups(Display.java:4279)
	at org.eclipse.swt.widgets.Display.readAndDispatch(Display.java:3811)
	at org.eclipse.e4.ui.internal.workbench.swt.PartRenderingEngine$5.run(PartRenderingEngine.java:1155)
	at org.eclipse.core.databinding.observable.Realm.runWithDefault(Realm.java:336)
	at org.eclipse.e4.ui.internal.workbench.swt.PartRenderingEngine.run(PartRenderingEngine.java:1044)
	at org.eclipse.e4.ui.internal.workbench.E4Workbench.createAndRunUI(E4Workbench.java:153)
	at org.eclipse.ui.internal.Workbench.lambda$3(Workbench.java:680)
	at org.eclipse.core.databinding.observable.Realm.runWithDefault(Realm.java:336)
	at org.eclipse.ui.internal.Workbench.createAndRunWorkbench(Workbench.java:594)
	at org.eclipse.ui.PlatformUI.createAndRunWorkbench(PlatformUI.java:148)
	at org.eclipse.ui.internal.ide.application.IDEApplication.start(IDEApplication.java:151)
	at org.eclipse.equinox.internal.app.EclipseAppHandle.run(EclipseAppHandle.java:196)
	at org.eclipse.core.runtime.internal.adaptor.EclipseAppLauncher.runApplication(EclipseAppLauncher.java:134)
	at org.eclipse.core.runtime.internal.adaptor.EclipseAppLauncher.start(EclipseAppLauncher.java:104)
	at org.eclipse.core.runtime.adaptor.EclipseStarter.run(EclipseStarter.java:388)
	at org.eclipse.core.runtime.adaptor.EclipseStarter.run(EclipseStarter.java:243)
	at sun.reflect.NativeMethodAccessorImpl.invoke0(Native Method)
	at sun.reflect.NativeMethodAccessorImpl.invoke(Unknown Source)
	at sun.reflect.DelegatingMethodAccessorImpl.invoke(Unknown Source)
	at java.lang.reflect.Method.invoke(Unknown Source)
	at org.eclipse.equinox.launcher.Main.invokeFramework(Main.java:653)
	at org.eclipse.equinox.launcher.Main.basicRun(Main.java:590)
	at org.eclipse.equinox.launcher.Main.run(Main.java:1499)
Caused by: org.eclipse.swt.SWTException: i/o error (java.io.FileNotFoundException: C:\Program Files\Git\mingw64\share\git\git-for-windows.ico (The system cannot find the path specified))
	at org.eclipse.swt.SWT.error(SWT.java:4533)
	at org.eclipse.swt.SWT.error(SWT.java:4448)
	at org.eclipse.swt.graphics.ImageLoader.load(ImageLoader.java:175)
	at org.eclipse.tm.terminal.view.ui.local.showin.ExternalExecutablesManager.loadImage(ExternalExecutablesManager.java:264)
	at org.eclipse.tm.terminal.view.ui.local.showin.DynamicContributionItems.getContributionItems(DynamicContributionItems.java:77)
	at org.eclipse.ui.actions.CompoundContributionItem.getContributionItemsToFill(CompoundContributionItem.java:80)
	at org.eclipse.ui.actions.CompoundContributionItem.fill(CompoundContributionItem.java:54)
	at org.eclipse.ui.internal.menus.DynamicMenuContributionItem.fill(DynamicMenuContributionItem.java:147)
	at org.eclipse.jface.action.MenuManager.doItemFill(MenuManager.java:728)
	at org.eclipse.jface.action.MenuManager.update(MenuManager.java:810)
	at org.eclipse.jface.action.MenuManager.update(MenuManager.java:669)
	at org.eclipse.e4.ui.workbench.renderers.swt.MenuManagerRenderer.scheduleManagerUpdate(MenuManagerRenderer.java:1202)
	at org.eclipse.e4.ui.workbench.renderers.swt.MenuManagerRenderer.subscribeUIElementTopicAllRenderedVisibility(MenuManagerRenderer.java:199)
	at sun.reflect.GeneratedMethodAccessor18.invoke(Unknown Source)
	at sun.reflect.DelegatingMethodAccessorImpl.invoke(Unknown Source)
	at java.lang.reflect.Method.invoke(Unknown Source)
	at org.eclipse.e4.core.internal.di.MethodRequestor.execute(MethodRequestor.java:55)
	... 64 more
Caused by: java.io.FileNotFoundException: C:\Program Files\Git\mingw64\share\git\git-for-windows.ico (The system cannot find the path specified)
	at java.io.FileInputStream.open0(Native Method)
	at java.io.FileInputStream.open(Unknown Source)
	at java.io.FileInputStream.<init>(Unknown Source)
	at java.io.FileInputStream.<init>(Unknown Source)
	at org.eclipse.swt.graphics.ImageLoader.load(ImageLoader.java:172)
	... 78 more

!ENTRY org.eclipse.ui 4 0 2017-10-30 19:49:00.213
!MESSAGE Unhandled event loop exception
!STACK 0
org.eclipse.e4.core.di.InjectionException: org.eclipse.swt.SWTException: i/o error (java.io.FileNotFoundException: C:\Program Files\Git\mingw64\share\git\git-for-windows.ico (The system cannot find the path specified))
	at org.eclipse.e4.core.internal.di.MethodRequestor.execute(MethodRequestor.java:65)
	at org.eclipse.e4.ui.internal.di.UIEventObjectSupplier$UIEventHandler$1.run(UIEventObjectSupplier.java:64)
	at org.eclipse.swt.widgets.Synchronizer.syncExec(Synchronizer.java:233)
	at org.eclipse.ui.internal.UISynchronizer.syncExec(UISynchronizer.java:144)
	at org.eclipse.swt.widgets.Display.syncExec(Display.java:4889)
	at org.eclipse.e4.ui.internal.workbench.swt.E4Application$1.syncExec(E4Application.java:212)
	at org.eclipse.e4.ui.internal.di.UIEventObjectSupplier$UIEventHandler.handleEvent(UIEventObjectSupplier.java:61)
	at org.eclipse.equinox.internal.event.EventHandlerWrapper.handleEvent(EventHandlerWrapper.java:201)
	at org.eclipse.equinox.internal.event.EventHandlerTracker.dispatchEvent(EventHandlerTracker.java:197)
	at org.eclipse.equinox.internal.event.EventHandlerTracker.dispatchEvent(EventHandlerTracker.java:1)
	at org.eclipse.osgi.framework.eventmgr.EventManager.dispatchEvent(EventManager.java:230)
	at org.eclipse.osgi.framework.eventmgr.ListenerQueue.dispatchEventSynchronous(ListenerQueue.java:148)
	at org.eclipse.equinox.internal.event.EventAdminImpl.dispatchEvent(EventAdminImpl.java:135)
	at org.eclipse.equinox.internal.event.EventAdminImpl.sendEvent(EventAdminImpl.java:78)
	at org.eclipse.equinox.internal.event.EventComponent.sendEvent(EventComponent.java:39)
	at org.eclipse.e4.ui.services.internal.events.EventBroker.send(EventBroker.java:52)
	at org.eclipse.e4.ui.internal.workbench.UIEventPublisher.notifyChanged(UIEventPublisher.java:60)
	at org.eclipse.emf.common.notify.impl.BasicNotifierImpl.eNotify(BasicNotifierImpl.java:374)
	at org.eclipse.e4.ui.model.application.ui.impl.UIElementImpl.setVisible(UIElementImpl.java:345)
	at org.eclipse.e4.ui.workbench.renderers.swt.ContributionRecord.updateVisibility(ContributionRecord.java:110)
	at org.eclipse.e4.ui.workbench.renderers.swt.MenuManagerRendererFilter.updateElementVisibility(MenuManagerRendererFilter.java:191)
	at org.eclipse.e4.ui.workbench.renderers.swt.MenuManagerRendererFilter.updateElementVisibility(MenuManagerRendererFilter.java:202)
	at org.eclipse.e4.ui.workbench.renderers.swt.MenuManagerShowProcessor.showMenu(MenuManagerShowProcessor.java:255)
	at org.eclipse.e4.ui.workbench.renderers.swt.MenuManagerShowProcessor.menuAboutToHide(MenuManagerShowProcessor.java:112)
	at org.eclipse.jface.internal.MenuManagerEventHelper.showEventPostHelper(MenuManagerEventHelper.java:92)
	at org.eclipse.jface.action.MenuManager.handleAboutToShow(MenuManager.java:471)
	at org.eclipse.jface.action.MenuManager.access$1(MenuManager.java:465)
	at org.eclipse.jface.action.MenuManager$2.menuShown(MenuManager.java:497)
	at org.eclipse.swt.widgets.TypedListener.handleEvent(TypedListener.java:256)
	at org.eclipse.swt.widgets.EventTable.sendEvent(EventTable.java:86)
	at org.eclipse.swt.widgets.Display.sendEvent(Display.java:4428)
	at org.eclipse.swt.widgets.Widget.sendEvent(Widget.java:1079)
	at org.eclipse.swt.widgets.Widget.sendEvent(Widget.java:1103)
	at org.eclipse.swt.widgets.Widget.sendEvent(Widget.java:1084)
	at org.eclipse.swt.widgets.Control.WM_INITMENUPOPUP(Control.java:5204)
	at org.eclipse.swt.widgets.Control.windowProc(Control.java:4872)
	at org.eclipse.swt.widgets.Canvas.windowProc(Canvas.java:359)
	at org.eclipse.swt.widgets.Decorations.windowProc(Decorations.java:1657)
	at org.eclipse.swt.widgets.Shell.windowProc(Shell.java:2199)
	at org.eclipse.swt.widgets.Display.windowProc(Display.java:5178)
	at org.eclipse.swt.internal.win32.OS.TrackPopupMenu(Native Method)
	at org.eclipse.swt.widgets.Menu._setVisible(Menu.java:262)
	at org.eclipse.swt.widgets.Display.runPopups(Display.java:4279)
	at org.eclipse.swt.widgets.Display.readAndDispatch(Display.java:3811)
	at org.eclipse.e4.ui.internal.workbench.swt.PartRenderingEngine$5.run(PartRenderingEngine.java:1155)
	at org.eclipse.core.databinding.observable.Realm.runWithDefault(Realm.java:336)
	at org.eclipse.e4.ui.internal.workbench.swt.PartRenderingEngine.run(PartRenderingEngine.java:1044)
	at org.eclipse.e4.ui.internal.workbench.E4Workbench.createAndRunUI(E4Workbench.java:153)
	at org.eclipse.ui.internal.Workbench.lambda$3(Workbench.java:680)
	at org.eclipse.core.databinding.observable.Realm.runWithDefault(Realm.java:336)
	at org.eclipse.ui.internal.Workbench.createAndRunWorkbench(Workbench.java:594)
	at org.eclipse.ui.PlatformUI.createAndRunWorkbench(PlatformUI.java:148)
	at org.eclipse.ui.internal.ide.application.IDEApplication.start(IDEApplication.java:151)
	at org.eclipse.equinox.internal.app.EclipseAppHandle.run(EclipseAppHandle.java:196)
	at org.eclipse.core.runtime.internal.adaptor.EclipseAppLauncher.runApplication(EclipseAppLauncher.java:134)
	at org.eclipse.core.runtime.internal.adaptor.EclipseAppLauncher.start(EclipseAppLauncher.java:104)
	at org.eclipse.core.runtime.adaptor.EclipseStarter.run(EclipseStarter.java:388)
	at org.eclipse.core.runtime.adaptor.EclipseStarter.run(EclipseStarter.java:243)
	at sun.reflect.NativeMethodAccessorImpl.invoke0(Native Method)
	at sun.reflect.NativeMethodAccessorImpl.invoke(Unknown Source)
	at sun.reflect.DelegatingMethodAccessorImpl.invoke(Unknown Source)
	at java.lang.reflect.Method.invoke(Unknown Source)
	at org.eclipse.equinox.launcher.Main.invokeFramework(Main.java:653)
	at org.eclipse.equinox.launcher.Main.basicRun(Main.java:590)
	at org.eclipse.equinox.launcher.Main.run(Main.java:1499)
Caused by: org.eclipse.swt.SWTException: i/o error (java.io.FileNotFoundException: C:\Program Files\Git\mingw64\share\git\git-for-windows.ico (The system cannot find the path specified))
	at org.eclipse.swt.SWT.error(SWT.java:4533)
	at org.eclipse.swt.SWT.error(SWT.java:4448)
	at org.eclipse.swt.graphics.ImageLoader.load(ImageLoader.java:175)
	at org.eclipse.tm.terminal.view.ui.local.showin.ExternalExecutablesManager.loadImage(ExternalExecutablesManager.java:264)
	at org.eclipse.tm.terminal.view.ui.local.showin.DynamicContributionItems.getContributionItems(DynamicContributionItems.java:77)
	at org.eclipse.ui.actions.CompoundContributionItem.getContributionItemsToFill(CompoundContributionItem.java:80)
	at org.eclipse.ui.actions.CompoundContributionItem.fill(CompoundContributionItem.java:54)
	at org.eclipse.ui.internal.menus.DynamicMenuContributionItem.fill(DynamicMenuContributionItem.java:147)
	at org.eclipse.jface.action.MenuManager.doItemFill(MenuManager.java:728)
	at org.eclipse.jface.action.MenuManager.update(MenuManager.java:810)
	at org.eclipse.jface.action.MenuManager.update(MenuManager.java:669)
	at org.eclipse.e4.ui.workbench.renderers.swt.MenuManagerRenderer.scheduleManagerUpdate(MenuManagerRenderer.java:1202)
	at org.eclipse.e4.ui.workbench.renderers.swt.MenuManagerRenderer.subscribeUIElementTopicAllRenderedVisibility(MenuManagerRenderer.java:199)
	at sun.reflect.GeneratedMethodAccessor18.invoke(Unknown Source)
	at sun.reflect.DelegatingMethodAccessorImpl.invoke(Unknown Source)
	at java.lang.reflect.Method.invoke(Unknown Source)
	at org.eclipse.e4.core.internal.di.MethodRequestor.execute(MethodRequestor.java:55)
	... 64 more
Caused by: java.io.FileNotFoundException: C:\Program Files\Git\mingw64\share\git\git-for-windows.ico (The system cannot find the path specified)
	at java.io.FileInputStream.open0(Native Method)
	at java.io.FileInputStream.open(Unknown Source)
	at java.io.FileInputStream.<init>(Unknown Source)
	at java.io.FileInputStream.<init>(Unknown Source)
	at org.eclipse.swt.graphics.ImageLoader.load(ImageLoader.java:172)
	... 78 more

!ENTRY org.eclipse.ui 4 0 2017-10-30 19:52:15.076
!MESSAGE Unhandled event loop exception
!STACK 0
org.eclipse.e4.core.di.InjectionException: org.eclipse.swt.SWTException: i/o error (java.io.FileNotFoundException: C:\Program Files\Git\mingw64\share\git\git-for-windows.ico (The system cannot find the path specified))
	at org.eclipse.e4.core.internal.di.MethodRequestor.execute(MethodRequestor.java:65)
	at org.eclipse.e4.ui.internal.di.UIEventObjectSupplier$UIEventHandler$1.run(UIEventObjectSupplier.java:64)
	at org.eclipse.swt.widgets.Synchronizer.syncExec(Synchronizer.java:233)
	at org.eclipse.ui.internal.UISynchronizer.syncExec(UISynchronizer.java:144)
	at org.eclipse.swt.widgets.Display.syncExec(Display.java:4889)
	at org.eclipse.e4.ui.internal.workbench.swt.E4Application$1.syncExec(E4Application.java:212)
	at org.eclipse.e4.ui.internal.di.UIEventObjectSupplier$UIEventHandler.handleEvent(UIEventObjectSupplier.java:61)
	at org.eclipse.equinox.internal.event.EventHandlerWrapper.handleEvent(EventHandlerWrapper.java:201)
	at org.eclipse.equinox.internal.event.EventHandlerTracker.dispatchEvent(EventHandlerTracker.java:197)
	at org.eclipse.equinox.internal.event.EventHandlerTracker.dispatchEvent(EventHandlerTracker.java:1)
	at org.eclipse.osgi.framework.eventmgr.EventManager.dispatchEvent(EventManager.java:230)
	at org.eclipse.osgi.framework.eventmgr.ListenerQueue.dispatchEventSynchronous(ListenerQueue.java:148)
	at org.eclipse.equinox.internal.event.EventAdminImpl.dispatchEvent(EventAdminImpl.java:135)
	at org.eclipse.equinox.internal.event.EventAdminImpl.sendEvent(EventAdminImpl.java:78)
	at org.eclipse.equinox.internal.event.EventComponent.sendEvent(EventComponent.java:39)
	at org.eclipse.e4.ui.services.internal.events.EventBroker.send(EventBroker.java:52)
	at org.eclipse.e4.ui.internal.workbench.UIEventPublisher.notifyChanged(UIEventPublisher.java:60)
	at org.eclipse.emf.common.notify.impl.BasicNotifierImpl.eNotify(BasicNotifierImpl.java:374)
	at org.eclipse.e4.ui.model.application.ui.impl.UIElementImpl.setVisible(UIElementImpl.java:345)
	at org.eclipse.e4.ui.workbench.renderers.swt.ContributionRecord.updateVisibility(ContributionRecord.java:110)
	at org.eclipse.e4.ui.workbench.renderers.swt.MenuManagerRendererFilter.updateElementVisibility(MenuManagerRendererFilter.java:191)
	at org.eclipse.e4.ui.workbench.renderers.swt.MenuManagerRendererFilter.updateElementVisibility(MenuManagerRendererFilter.java:202)
	at org.eclipse.e4.ui.workbench.renderers.swt.MenuManagerShowProcessor.showMenu(MenuManagerShowProcessor.java:255)
	at org.eclipse.e4.ui.workbench.renderers.swt.MenuManagerShowProcessor.menuAboutToHide(MenuManagerShowProcessor.java:112)
	at org.eclipse.jface.internal.MenuManagerEventHelper.showEventPostHelper(MenuManagerEventHelper.java:92)
	at org.eclipse.jface.action.MenuManager.handleAboutToShow(MenuManager.java:471)
	at org.eclipse.jface.action.MenuManager.access$1(MenuManager.java:465)
	at org.eclipse.jface.action.MenuManager$2.menuShown(MenuManager.java:497)
	at org.eclipse.swt.widgets.TypedListener.handleEvent(TypedListener.java:256)
	at org.eclipse.swt.widgets.EventTable.sendEvent(EventTable.java:86)
	at org.eclipse.swt.widgets.Display.sendEvent(Display.java:4428)
	at org.eclipse.swt.widgets.Widget.sendEvent(Widget.java:1079)
	at org.eclipse.swt.widgets.Widget.sendEvent(Widget.java:1103)
	at org.eclipse.swt.widgets.Widget.sendEvent(Widget.java:1084)
	at org.eclipse.swt.widgets.Control.WM_INITMENUPOPUP(Control.java:5204)
	at org.eclipse.swt.widgets.Control.windowProc(Control.java:4872)
	at org.eclipse.swt.widgets.Canvas.windowProc(Canvas.java:359)
	at org.eclipse.swt.widgets.Decorations.windowProc(Decorations.java:1657)
	at org.eclipse.swt.widgets.Shell.windowProc(Shell.java:2199)
	at org.eclipse.swt.widgets.Display.windowProc(Display.java:5178)
	at org.eclipse.swt.internal.win32.OS.TrackPopupMenu(Native Method)
	at org.eclipse.swt.widgets.Menu._setVisible(Menu.java:262)
	at org.eclipse.swt.widgets.Display.runPopups(Display.java:4279)
	at org.eclipse.swt.widgets.Display.readAndDispatch(Display.java:3811)
	at org.eclipse.e4.ui.internal.workbench.swt.PartRenderingEngine$5.run(PartRenderingEngine.java:1155)
	at org.eclipse.core.databinding.observable.Realm.runWithDefault(Realm.java:336)
	at org.eclipse.e4.ui.internal.workbench.swt.PartRenderingEngine.run(PartRenderingEngine.java:1044)
	at org.eclipse.e4.ui.internal.workbench.E4Workbench.createAndRunUI(E4Workbench.java:153)
	at org.eclipse.ui.internal.Workbench.lambda$3(Workbench.java:680)
	at org.eclipse.core.databinding.observable.Realm.runWithDefault(Realm.java:336)
	at org.eclipse.ui.internal.Workbench.createAndRunWorkbench(Workbench.java:594)
	at org.eclipse.ui.PlatformUI.createAndRunWorkbench(PlatformUI.java:148)
	at org.eclipse.ui.internal.ide.application.IDEApplication.start(IDEApplication.java:151)
	at org.eclipse.equinox.internal.app.EclipseAppHandle.run(EclipseAppHandle.java:196)
	at org.eclipse.core.runtime.internal.adaptor.EclipseAppLauncher.runApplication(EclipseAppLauncher.java:134)
	at org.eclipse.core.runtime.internal.adaptor.EclipseAppLauncher.start(EclipseAppLauncher.java:104)
	at org.eclipse.core.runtime.adaptor.EclipseStarter.run(EclipseStarter.java:388)
	at org.eclipse.core.runtime.adaptor.EclipseStarter.run(EclipseStarter.java:243)
	at sun.reflect.NativeMethodAccessorImpl.invoke0(Native Method)
	at sun.reflect.NativeMethodAccessorImpl.invoke(Unknown Source)
	at sun.reflect.DelegatingMethodAccessorImpl.invoke(Unknown Source)
	at java.lang.reflect.Method.invoke(Unknown Source)
	at org.eclipse.equinox.launcher.Main.invokeFramework(Main.java:653)
	at org.eclipse.equinox.launcher.Main.basicRun(Main.java:590)
	at org.eclipse.equinox.launcher.Main.run(Main.java:1499)
Caused by: org.eclipse.swt.SWTException: i/o error (java.io.FileNotFoundException: C:\Program Files\Git\mingw64\share\git\git-for-windows.ico (The system cannot find the path specified))
	at org.eclipse.swt.SWT.error(SWT.java:4533)
	at org.eclipse.swt.SWT.error(SWT.java:4448)
	at org.eclipse.swt.graphics.ImageLoader.load(ImageLoader.java:175)
	at org.eclipse.tm.terminal.view.ui.local.showin.ExternalExecutablesManager.loadImage(ExternalExecutablesManager.java:264)
	at org.eclipse.tm.terminal.view.ui.local.showin.DynamicContributionItems.getContributionItems(DynamicContributionItems.java:77)
	at org.eclipse.ui.actions.CompoundContributionItem.getContributionItemsToFill(CompoundContributionItem.java:80)
	at org.eclipse.ui.actions.CompoundContributionItem.fill(CompoundContributionItem.java:54)
	at org.eclipse.ui.internal.menus.DynamicMenuContributionItem.fill(DynamicMenuContributionItem.java:147)
	at org.eclipse.jface.action.MenuManager.doItemFill(MenuManager.java:728)
	at org.eclipse.jface.action.MenuManager.update(MenuManager.java:810)
	at org.eclipse.jface.action.MenuManager.update(MenuManager.java:669)
	at org.eclipse.e4.ui.workbench.renderers.swt.MenuManagerRenderer.scheduleManagerUpdate(MenuManagerRenderer.java:1202)
	at org.eclipse.e4.ui.workbench.renderers.swt.MenuManagerRenderer.subscribeUIElementTopicAllRenderedVisibility(MenuManagerRenderer.java:199)
	at sun.reflect.GeneratedMethodAccessor18.invoke(Unknown Source)
	at sun.reflect.DelegatingMethodAccessorImpl.invoke(Unknown Source)
	at java.lang.reflect.Method.invoke(Unknown Source)
	at org.eclipse.e4.core.internal.di.MethodRequestor.execute(MethodRequestor.java:55)
	... 64 more
Caused by: java.io.FileNotFoundException: C:\Program Files\Git\mingw64\share\git\git-for-windows.ico (The system cannot find the path specified)
	at java.io.FileInputStream.open0(Native Method)
	at java.io.FileInputStream.open(Unknown Source)
	at java.io.FileInputStream.<init>(Unknown Source)
	at java.io.FileInputStream.<init>(Unknown Source)
	at org.eclipse.swt.graphics.ImageLoader.load(ImageLoader.java:172)
	... 78 more
!SESSION 2017-11-01 12:42:16.004 -----------------------------------------------
eclipse.buildId=4.7.0.I20170612-0950
java.version=1.8.0_141
java.vendor=Oracle Corporation
BootLoader constants: OS=win32, ARCH=x86_64, WS=win32, NL=en_US
Framework arguments:  -product org.eclipse.epp.package.jee.product
Command-line arguments:  -os win32 -ws win32 -arch x86_64 -product org.eclipse.epp.package.jee.product

!ENTRY org.eclipse.egit.ui 2 0 2017-11-01 12:42:47.617
!MESSAGE Warning: The environment variable HOME is not set. The following directory will be used to store the Git
user global configuration and to define the default location to store repositories: 'C:\Users\vidhan_chandra'. If this is
not correct please set the HOME environment variable and restart Eclipse. Otherwise Git for Windows and
EGit might behave differently since they see different configuration options.
This warning can be switched off on the Team > Git > Confirmations and Warnings preference page.

!ENTRY org.eclipse.buildship.core 2 0 2017-11-01 12:42:48.333
!MESSAGE Could not load Gradle version information
!STACK 0
org.gradle.api.UncheckedIOException: Cannot download published Gradle versions.
	at com.gradleware.tooling.toolingutils.distribution.PublishedGradleVersions.downloadVersionInformation(PublishedGradleVersions.java:175)
	at com.gradleware.tooling.toolingutils.distribution.PublishedGradleVersions.tryToDownloadAndCacheVersions(PublishedGradleVersions.java:159)
	at com.gradleware.tooling.toolingutils.distribution.PublishedGradleVersions.create(PublishedGradleVersions.java:119)
	at org.eclipse.buildship.core.util.gradle.PublishedGradleVersionsWrapper$LoadVersionsJob.run(PublishedGradleVersionsWrapper.java:66)
	at org.eclipse.core.internal.jobs.Worker.run(Worker.java:56)
Caused by: java.net.UnknownHostException: services.gradle.org
	at java.net.AbstractPlainSocketImpl.connect(Unknown Source)
	at java.net.PlainSocketImpl.connect(Unknown Source)
	at java.net.SocksSocketImpl.connect(Unknown Source)
	at java.net.Socket.connect(Unknown Source)
	at sun.security.ssl.SSLSocketImpl.connect(Unknown Source)
	at sun.net.NetworkClient.doConnect(Unknown Source)
	at sun.net.www.http.HttpClient.openServer(Unknown Source)
	at sun.net.www.http.HttpClient.openServer(Unknown Source)
	at sun.net.www.protocol.https.HttpsClient.<init>(Unknown Source)
	at sun.net.www.protocol.https.HttpsClient.New(Unknown Source)
	at sun.net.www.protocol.https.AbstractDelegateHttpsURLConnection.getNewHttpClient(Unknown Source)
	at sun.net.www.protocol.http.HttpURLConnection.plainConnect0(Unknown Source)
	at sun.net.www.protocol.http.HttpURLConnection.plainConnect(Unknown Source)
	at sun.net.www.protocol.https.AbstractDelegateHttpsURLConnection.connect(Unknown Source)
	at sun.net.www.protocol.http.HttpURLConnection.getInputStream0(Unknown Source)
	at sun.net.www.protocol.http.HttpURLConnection.getInputStream(Unknown Source)
	at sun.net.www.protocol.https.HttpsURLConnectionImpl.getInputStream(Unknown Source)
	at com.gradleware.tooling.toolingutils.distribution.PublishedGradleVersions.downloadVersionInformation(PublishedGradleVersions.java:172)
	... 4 more

!ENTRY org.eclipse.epp.logging.aeri.ide 2 17 2017-11-01 12:42:48.794
!MESSAGE Server org.eclipse.epp.logging.aeri.ide.server failed with exception: This is usually a temporary error during hostname resolution and means that the local server did not receive a response from an authoritative server (dev.eclipse.org). ; version: 2.0.5.v20170613-1207
!STACK 0
java.net.UnknownHostException: This is usually a temporary error during hostname resolution and means that the local server did not receive a response from an authoritative server (dev.eclipse.org)
	at java.net.Inet6AddressImpl.lookupAllHostAddr(Native Method)
	at java.net.InetAddress$2.lookupAllHostAddr(Unknown Source)
	at java.net.InetAddress.getAddressesFromNameService(Unknown Source)
	at java.net.InetAddress.getAllByName0(Unknown Source)
	at java.net.InetAddress.getAllByName(Unknown Source)
	at java.net.InetAddress.getAllByName(Unknown Source)
	at org.apache.http.impl.conn.SystemDefaultDnsResolver.resolve(SystemDefaultDnsResolver.java:45)
	at org.apache.http.impl.conn.DefaultHttpClientConnectionOperator.connect(DefaultHttpClientConnectionOperator.java:111)
	at org.apache.http.impl.conn.PoolingHttpClientConnectionManager.connect(PoolingHttpClientConnectionManager.java:353)
	at org.apache.http.impl.execchain.MainClientExec.establishRoute(MainClientExec.java:380)
	at org.apache.http.impl.execchain.MainClientExec.execute(MainClientExec.java:236)
	at org.apache.http.impl.execchain.ProtocolExec.execute(ProtocolExec.java:184)
	at org.apache.http.impl.execchain.RetryExec.execute(RetryExec.java:88)
	at org.apache.http.impl.execchain.RedirectExec.execute(RedirectExec.java:110)
	at org.apache.http.impl.client.InternalHttpClient.doExecute(InternalHttpClient.java:184)
	at org.apache.http.impl.client.CloseableHttpClient.execute(CloseableHttpClient.java:82)
	at org.apache.http.impl.client.CloseableHttpClient.execute(CloseableHttpClient.java:55)
	at org.apache.http.client.fluent.Request.internalExecute(Request.java:173)
	at org.apache.http.client.fluent.Executor.execute(Executor.java:262)
	at org.eclipse.epp.internal.logging.aeri.ide.server.mars.IO.request(IO.java:170)
	at org.eclipse.epp.internal.logging.aeri.ide.server.mars.IO.refreshConfiguration(IO.java:64)
	at org.eclipse.epp.internal.logging.aeri.ide.server.mars.ServerConnection.startUp(ServerConnection.java:124)
	at com.google.common.util.concurrent.AbstractIdleService$DelegateService$1.run(AbstractIdleService.java:62)
	at com.google.common.util.concurrent.Callables$4.run(Callables.java:122)
	at java.lang.Thread.run(Unknown Source)

!ENTRY org.eclipse.oomph.setup.core 2 0 2017-11-01 12:42:53.958
!MESSAGE C:\Users\vidhan_chandra\.eclipse\org.eclipse.oomph.setup\cache\http___www.eclipse.org_setups_setups.zip (The system cannot find the path specified)
!STACK 0
java.io.FileNotFoundException: C:\Users\vidhan_chandra\.eclipse\org.eclipse.oomph.setup\cache\http___www.eclipse.org_setups_setups.zip (The system cannot find the path specified)
	at java.io.FileInputStream.open0(Native Method)
	at java.io.FileInputStream.open(Unknown Source)
	at java.io.FileInputStream.<init>(Unknown Source)
	at org.eclipse.emf.ecore.resource.impl.FileURIHandlerImpl.createInputStream(FileURIHandlerImpl.java:99)
	at org.eclipse.oomph.setup.internal.core.util.SetupCoreUtil$2.createInputStream(SetupCoreUtil.java:386)
	at org.eclipse.emf.ecore.resource.impl.ExtensibleURIConverterImpl.createInputStream(ExtensibleURIConverterImpl.java:360)
	at org.eclipse.oomph.setup.internal.core.util.ECFURIHandlerImpl$InputStreamConnectionHandler.handleCache(ECFURIHandlerImpl.java:1594)
	at org.eclipse.oomph.setup.internal.core.util.ECFURIHandlerImpl$InputStreamConnectionHandler.handleCache(ECFURIHandlerImpl.java:1)
	at org.eclipse.oomph.setup.internal.core.util.ECFURIHandlerImpl$ConnectionHandler.process(ECFURIHandlerImpl.java:1529)
	at org.eclipse.oomph.setup.internal.core.util.ECFURIHandlerImpl.createInputStream(ECFURIHandlerImpl.java:303)
	at org.eclipse.emf.ecore.resource.impl.ExtensibleURIConverterImpl.createInputStream(ExtensibleURIConverterImpl.java:360)
	at org.eclipse.emf.ecore.resource.impl.ResourceImpl.load(ResourceImpl.java:1269)
	at org.eclipse.oomph.setup.internal.core.util.SetupCoreUtil.handleArchiveRedirection(SetupCoreUtil.java:549)
	at org.eclipse.oomph.setup.internal.core.util.SetupCoreUtil.configureResourceSet(SetupCoreUtil.java:348)
	at org.eclipse.oomph.setup.internal.core.util.SetupCoreUtil.configureResourceSet(SetupCoreUtil.java:174)
	at org.eclipse.oomph.setup.internal.core.util.SetupCoreUtil.createResourceSet(SetupCoreUtil.java:168)
	at org.eclipse.oomph.setup.ui.recorder.RecorderManager.<clinit>(RecorderManager.java:120)
	at org.eclipse.oomph.setup.ui.SetupUIPlugin.performStartup(SetupUIPlugin.java:205)
	at org.eclipse.oomph.setup.ui.EarlyStartup.earlyStartup(EarlyStartup.java:22)
	at org.eclipse.ui.internal.EarlyStartupRunnable.runEarlyStartup(EarlyStartupRunnable.java:77)
	at org.eclipse.ui.internal.EarlyStartupRunnable.run(EarlyStartupRunnable.java:53)
	at org.eclipse.core.runtime.SafeRunner.run(SafeRunner.java:42)
	at org.eclipse.ui.internal.Workbench$40.run(Workbench.java:2747)
	at org.eclipse.core.internal.jobs.Worker.run(Worker.java:56)
